C:\USERS\SCOTT\DESKTOP\RPG\DEBUG\RPG.EXE
C:\USERS\SCOTT\DESKTOP\RPG\DEBUG\RPG.ILK
C:\USERS\SCOTT\DESKTOP\RPG\DEBUG\RPG.PDB
C:\USERS\SCOTT\DESKTOP\RPG\RPG\DEBUG\BATTLESYSTEMIMPLEMENTATION.OBJ
C:\USERS\SCOTT\DESKTOP\RPG\RPG\DEBUG\ENEMYCLASSIMPLEMENTATION.OBJ
C:\USERS\SCOTT\DESKTOP\RPG\RPG\DEBUG\JOBCLASSIMPLEMENTATION.OBJ
C:\USERS\SCOTT\DESKTOP\RPG\RPG\DEBUG\MAIN.OBJ
C:\USERS\SCOTT\DESKTOP\RPG\RPG\DEBUG\NONCLASSFUNCTIONS.OBJ
C:\USERS\SCOTT\DESKTOP\RPG\RPG\DEBUG\RPG.EXE.EMBED.MANIFEST
C:\USERS\SCOTT\DESKTOP\RPG\RPG\DEBUG\RPG.EXE.EMBED.MANIFEST.RES
C:\USERS\SCOTT\DESKTOP\RPG\RPG\DEBUG\RPG.EXE.INTERMEDIATE.MANIFEST
C:\USERS\SCOTT\DESKTOP\RPG\RPG\DEBUG\SHOPIMPLEMENTATION.OBJ
C:\USERS\SCOTT\DESKTOP\RPG\RPG\DEBUG\VC100.PDB
C:\USERS\SCOTT\DESKTOP\RPG\RPG\DEBUG\WEAPONSHOPIMPLEMENTATION.OBJ
C:\USERS\SCOTT\DESKTOP\RPG\RPG\DEBUG\WEAPONSIMPLEMENTATION.OBJ
C:\USERS\SCOTT\DOCUMENTS\VISUAL STUDIO 2010\PROJECTS\RPG\DEBUG\RPG.EXE
C:\USERS\SCOTT\DOCUMENTS\VISUAL STUDIO 2010\PROJECTS\RPG\DEBUG\RPG.ILK
C:\USERS\SCOTT\DOCUMENTS\VISUAL STUDIO 2010\PROJECTS\RPG\DEBUG\RPG.PDB
C:\USERS\SCOTT\DOCUMENTS\VISUAL STUDIO 2010\PROJECTS\RPG\RPG\DEBUG\BATTLESYSTEMIMPLEMENTATION.OBJ
C:\USERS\SCOTT\DOCUMENTS\VISUAL STUDIO 2010\PROJECTS\RPG\RPG\DEBUG\ENEMYCLASSIMPLEMENTATION.OBJ
C:\USERS\SCOTT\DOCUMENTS\VISUAL STUDIO 2010\PROJECTS\RPG\RPG\DEBUG\JOBCLASSIMPLEMENTATION.OBJ
C:\USERS\SCOTT\DOCUMENTS\VISUAL STUDIO 2010\PROJECTS\RPG\RPG\DEBUG\MAIN.OBJ
C:\USERS\SCOTT\DOCUMENTS\VISUAL STUDIO 2010\PROJECTS\RPG\RPG\DEBUG\NONCLASSFUNCTIONS.OBJ
C:\USERS\SCOTT\DOCUMENTS\VISUAL STUDIO 2010\PROJECTS\RPG\RPG\DEBUG\RPG.EXE.EMBED.MANIFEST.RES
C:\USERS\SCOTT\DOCUMENTS\VISUAL STUDIO 2010\PROJECTS\RPG\RPG\DEBUG\RPG.EXE.INTERMEDIATE.MANIFEST
C:\USERS\SCOTT\DOCUMENTS\VISUAL STUDIO 2010\PROJECTS\RPG\RPG\DEBUG\VC100.PDB
C:\USERS\SMK\DOCUMENTS\VISUAL STUDIO 2010\PROJECTS\RPG\DEBUG\RPG.EXE
C:\USERS\SMK\DOCUMENTS\VISUAL STUDIO 2010\PROJECTS\RPG\DEBUG\RPG.ILK
C:\USERS\SMK\DOCUMENTS\VISUAL STUDIO 2010\PROJECTS\RPG\DEBUG\RPG.PDB
C:\USERS\SMK\DOCUMENTS\VISUAL STUDIO 2010\PROJECTS\RPG\RPG\DEBUG\BATTLESYSTEMIMPLEMENTATION.OBJ
C:\Users\SMK\Documents\Visual Studio 2010\Projects\RPG\RPG\Debug\cl.command.1.tlog
C:\Users\SMK\Documents\Visual Studio 2010\Projects\RPG\RPG\Debug\CL.read.1.tlog
C:\Users\SMK\Documents\Visual Studio 2010\Projects\RPG\RPG\Debug\CL.write.1.tlog
C:\USERS\SMK\DOCUMENTS\VISUAL STUDIO 2010\PROJECTS\RPG\RPG\DEBUG\ENEMYCLASSIMPLEMENTATION.OBJ
C:\USERS\SMK\DOCUMENTS\VISUAL STUDIO 2010\PROJECTS\RPG\RPG\DEBUG\JOBCLASSIMPLEMENTATION.OBJ
C:\USERS\SMK\DOCUMENTS\VISUAL STUDIO 2010\PROJECTS\RPG\RPG\DEBUG\JOBCLASSIMPLEMENTATION2.OBJ
C:\Users\SMK\Documents\Visual Studio 2010\Projects\RPG\RPG\Debug\link.1036.read.1.tlog
C:\Users\SMK\Documents\Visual Studio 2010\Projects\RPG\RPG\Debug\link.1036.write.1.tlog
C:\Users\SMK\Documents\Visual Studio 2010\Projects\RPG\RPG\Debug\link.1036-cvtres.read.1.tlog
C:\Users\SMK\Documents\Visual Studio 2010\Projects\RPG\RPG\Debug\link.1036-cvtres.write.1.tlog
C:\Users\SMK\Documents\Visual Studio 2010\Projects\RPG\RPG\Debug\link.10656.read.1.tlog
C:\Users\SMK\Documents\Visual Studio 2010\Projects\RPG\RPG\Debug\link.10656.write.1.tlog
C:\Users\SMK\Documents\Visual Studio 2010\Projects\RPG\RPG\Debug\link.10656-cvtres.read.1.tlog
C:\Users\SMK\Documents\Visual Studio 2010\Projects\RPG\RPG\Debug\link.10656-cvtres.write.1.tlog
C:\Users\SMK\Documents\Visual Studio 2010\Projects\RPG\RPG\Debug\link.10744.read.1.tlog
C:\Users\SMK\Documents\Visual Studio 2010\Projects\RPG\RPG\Debug\link.10744.write.1.tlog
C:\Users\SMK\Documents\Visual Studio 2010\Projects\RPG\RPG\Debug\link.10744-cvtres.read.1.tlog
C:\Users\SMK\Documents\Visual Studio 2010\Projects\RPG\RPG\Debug\link.10744-cvtres.write.1.tlog
C:\Users\SMK\Documents\Visual Studio 2010\Projects\RPG\RPG\Debug\link.1184.read.1.tlog
C:\Users\SMK\Documents\Visual Studio 2010\Projects\RPG\RPG\Debug\link.1184.write.1.tlog
C:\Users\SMK\Documents\Visual Studio 2010\Projects\RPG\RPG\Debug\link.1184-cvtres.read.1.tlog
C:\Users\SMK\Documents\Visual Studio 2010\Projects\RPG\RPG\Debug\link.1184-cvtres.write.1.tlog
C:\Users\SMK\Documents\Visual Studio 2010\Projects\RPG\RPG\Debug\link.13748.read.1.tlog
C:\Users\SMK\Documents\Visual Studio 2010\Projects\RPG\RPG\Debug\link.13748.write.1.tlog
C:\Users\SMK\Documents\Visual Studio 2010\Projects\RPG\RPG\Debug\link.13748-cvtres.read.1.tlog
C:\Users\SMK\Documents\Visual Studio 2010\Projects\RPG\RPG\Debug\link.13748-cvtres.write.1.tlog
C:\Users\SMK\Documents\Visual Studio 2010\Projects\RPG\RPG\Debug\link.14052.read.1.tlog
C:\Users\SMK\Documents\Visual Studio 2010\Projects\RPG\RPG\Debug\link.14052.write.1.tlog
C:\Users\SMK\Documents\Visual Studio 2010\Projects\RPG\RPG\Debug\link.14052-cvtres.read.1.tlog
C:\Users\SMK\Documents\Visual Studio 2010\Projects\RPG\RPG\Debug\link.14052-cvtres.write.1.tlog
C:\Users\SMK\Documents\Visual Studio 2010\Projects\RPG\RPG\Debug\link.14748.read.1.tlog
C:\Users\SMK\Documents\Visual Studio 2010\Projects\RPG\RPG\Debug\link.14748.write.1.tlog
C:\Users\SMK\Documents\Visual Studio 2010\Projects\RPG\RPG\Debug\link.14748-cvtres.read.1.tlog
C:\Users\SMK\Documents\Visual Studio 2010\Projects\RPG\RPG\Debug\link.14748-cvtres.write.1.tlog
C:\Users\SMK\Documents\Visual Studio 2010\Projects\RPG\RPG\Debug\link.1588.read.1.tlog
C:\Users\SMK\Documents\Visual Studio 2010\Projects\RPG\RPG\Debug\link.1588.write.1.tlog
C:\Users\SMK\Documents\Visual Studio 2010\Projects\RPG\RPG\Debug\link.1588-cvtres.read.1.tlog
C:\Users\SMK\Documents\Visual Studio 2010\Projects\RPG\RPG\Debug\link.1588-cvtres.write.1.tlog
C:\Users\SMK\Documents\Visual Studio 2010\Projects\RPG\RPG\Debug\link.2160.read.1.tlog
C:\Users\SMK\Documents\Visual Studio 2010\Projects\RPG\RPG\Debug\link.2160.write.1.tlog
C:\Users\SMK\Documents\Visual Studio 2010\Projects\RPG\RPG\Debug\link.2160-cvtres.read.1.tlog
C:\Users\SMK\Documents\Visual Studio 2010\Projects\RPG\RPG\Debug\link.2160-cvtres.write.1.tlog
C:\Users\SMK\Documents\Visual Studio 2010\Projects\RPG\RPG\Debug\link.2244.read.1.tlog
C:\Users\SMK\Documents\Visual Studio 2010\Projects\RPG\RPG\Debug\link.2244.write.1.tlog
C:\Users\SMK\Documents\Visual Studio 2010\Projects\RPG\RPG\Debug\link.2244-cvtres.read.1.tlog
C:\Users\SMK\Documents\Visual Studio 2010\Projects\RPG\RPG\Debug\link.2244-cvtres.write.1.tlog
C:\Users\SMK\Documents\Visual Studio 2010\Projects\RPG\RPG\Debug\link.2304.read.1.tlog
C:\Users\SMK\Documents\Visual Studio 2010\Projects\RPG\RPG\Debug\link.2304.write.1.tlog
C:\Users\SMK\Documents\Visual Studio 2010\Projects\RPG\RPG\Debug\link.2304-cvtres.read.1.tlog
C:\Users\SMK\Documents\Visual Studio 2010\Projects\RPG\RPG\Debug\link.2304-cvtres.write.1.tlog
C:\Users\SMK\Documents\Visual Studio 2010\Projects\RPG\RPG\Debug\link.2384.read.1.tlog
C:\Users\SMK\Documents\Visual Studio 2010\Projects\RPG\RPG\Debug\link.2384.write.1.tlog
C:\Users\SMK\Documents\Visual Studio 2010\Projects\RPG\RPG\Debug\link.2384-cvtres.read.1.tlog
C:\Users\SMK\Documents\Visual Studio 2010\Projects\RPG\RPG\Debug\link.2384-cvtres.write.1.tlog
C:\Users\SMK\Documents\Visual Studio 2010\Projects\RPG\RPG\Debug\link.2464.read.1.tlog
C:\Users\SMK\Documents\Visual Studio 2010\Projects\RPG\RPG\Debug\link.2464.write.1.tlog
C:\Users\SMK\Documents\Visual Studio 2010\Projects\RPG\RPG\Debug\link.2464-cvtres.read.1.tlog
C:\Users\SMK\Documents\Visual Studio 2010\Projects\RPG\RPG\Debug\link.2464-cvtres.write.1.tlog
C:\Users\SMK\Documents\Visual Studio 2010\Projects\RPG\RPG\Debug\link.2844.read.1.tlog
C:\Users\SMK\Documents\Visual Studio 2010\Projects\RPG\RPG\Debug\link.2844.write.1.tlog
C:\Users\SMK\Documents\Visual Studio 2010\Projects\RPG\RPG\Debug\link.2844-cvtres.read.1.tlog
C:\Users\SMK\Documents\Visual Studio 2010\Projects\RPG\RPG\Debug\link.2844-cvtres.write.1.tlog
C:\Users\SMK\Documents\Visual Studio 2010\Projects\RPG\RPG\Debug\link.2912.read.1.tlog
C:\Users\SMK\Documents\Visual Studio 2010\Projects\RPG\RPG\Debug\link.2912.write.1.tlog
C:\Users\SMK\Documents\Visual Studio 2010\Projects\RPG\RPG\Debug\link.2912-cvtres.read.1.tlog
C:\Users\SMK\Documents\Visual Studio 2010\Projects\RPG\RPG\Debug\link.2912-cvtres.write.1.tlog
C:\Users\SMK\Documents\Visual Studio 2010\Projects\RPG\RPG\Debug\link.3284.read.1.tlog
C:\Users\SMK\Documents\Visual Studio 2010\Projects\RPG\RPG\Debug\link.3284.write.1.tlog
C:\Users\SMK\Documents\Visual Studio 2010\Projects\RPG\RPG\Debug\link.3284-cvtres.read.1.tlog
C:\Users\SMK\Documents\Visual Studio 2010\Projects\RPG\RPG\Debug\link.3284-cvtres.write.1.tlog
C:\Users\SMK\Documents\Visual Studio 2010\Projects\RPG\RPG\Debug\link.3436.read.1.tlog
C:\Users\SMK\Documents\Visual Studio 2010\Projects\RPG\RPG\Debug\link.3436.write.1.tlog
C:\Users\SMK\Documents\Visual Studio 2010\Projects\RPG\RPG\Debug\link.3436-cvtres.read.1.tlog
C:\Users\SMK\Documents\Visual Studio 2010\Projects\RPG\RPG\Debug\link.3436-cvtres.write.1.tlog
C:\Users\SMK\Documents\Visual Studio 2010\Projects\RPG\RPG\Debug\link.3688.read.1.tlog
C:\Users\SMK\Documents\Visual Studio 2010\Projects\RPG\RPG\Debug\link.3688.write.1.tlog
C:\Users\SMK\Documents\Visual Studio 2010\Projects\RPG\RPG\Debug\link.3688-cvtres.read.1.tlog
C:\Users\SMK\Documents\Visual Studio 2010\Projects\RPG\RPG\Debug\link.3688-cvtres.write.1.tlog
C:\Users\SMK\Documents\Visual Studio 2010\Projects\RPG\RPG\Debug\link.3708.read.1.tlog
C:\Users\SMK\Documents\Visual Studio 2010\Projects\RPG\RPG\Debug\link.3708.write.1.tlog
C:\Users\SMK\Documents\Visual Studio 2010\Projects\RPG\RPG\Debug\link.3708-cvtres.read.1.tlog
C:\Users\SMK\Documents\Visual Studio 2010\Projects\RPG\RPG\Debug\link.3708-cvtres.write.1.tlog
C:\Users\SMK\Documents\Visual Studio 2010\Projects\RPG\RPG\Debug\link.3824.read.1.tlog
C:\Users\SMK\Documents\Visual Studio 2010\Projects\RPG\RPG\Debug\link.3824.write.1.tlog
C:\Users\SMK\Documents\Visual Studio 2010\Projects\RPG\RPG\Debug\link.3824-cvtres.read.1.tlog
C:\Users\SMK\Documents\Visual Studio 2010\Projects\RPG\RPG\Debug\link.3824-cvtres.write.1.tlog
C:\Users\SMK\Documents\Visual Studio 2010\Projects\RPG\RPG\Debug\link.4092.read.1.tlog
C:\Users\SMK\Documents\Visual Studio 2010\Projects\RPG\RPG\Debug\link.4092.write.1.tlog
C:\Users\SMK\Documents\Visual Studio 2010\Projects\RPG\RPG\Debug\link.4092-cvtres.read.1.tlog
C:\Users\SMK\Documents\Visual Studio 2010\Projects\RPG\RPG\Debug\link.4092-cvtres.write.1.tlog
C:\Users\SMK\Documents\Visual Studio 2010\Projects\RPG\RPG\Debug\link.4108.read.1.tlog
C:\Users\SMK\Documents\Visual Studio 2010\Projects\RPG\RPG\Debug\link.4108.write.1.tlog
C:\Users\SMK\Documents\Visual Studio 2010\Projects\RPG\RPG\Debug\link.4108-cvtres.read.1.tlog
C:\Users\SMK\Documents\Visual Studio 2010\Projects\RPG\RPG\Debug\link.4108-cvtres.write.1.tlog
C:\Users\SMK\Documents\Visual Studio 2010\Projects\RPG\RPG\Debug\link.4164.read.1.tlog
C:\Users\SMK\Documents\Visual Studio 2010\Projects\RPG\RPG\Debug\link.4164.write.1.tlog
C:\Users\SMK\Documents\Visual Studio 2010\Projects\RPG\RPG\Debug\link.4164-cvtres.read.1.tlog
C:\Users\SMK\Documents\Visual Studio 2010\Projects\RPG\RPG\Debug\link.4164-cvtres.write.1.tlog
C:\Users\SMK\Documents\Visual Studio 2010\Projects\RPG\RPG\Debug\link.4400.read.1.tlog
C:\Users\SMK\Documents\Visual Studio 2010\Projects\RPG\RPG\Debug\link.4400.write.1.tlog
C:\Users\SMK\Documents\Visual Studio 2010\Projects\RPG\RPG\Debug\link.4400-cvtres.read.1.tlog
C:\Users\SMK\Documents\Visual Studio 2010\Projects\RPG\RPG\Debug\link.4400-cvtres.write.1.tlog
C:\Users\SMK\Documents\Visual Studio 2010\Projects\RPG\RPG\Debug\link.4556.read.1.tlog
C:\Users\SMK\Documents\Visual Studio 2010\Projects\RPG\RPG\Debug\link.4556.write.1.tlog
C:\Users\SMK\Documents\Visual Studio 2010\Projects\RPG\RPG\Debug\link.4556-cvtres.read.1.tlog
C:\Users\SMK\Documents\Visual Studio 2010\Projects\RPG\RPG\Debug\link.4556-cvtres.write.1.tlog
C:\Users\SMK\Documents\Visual Studio 2010\Projects\RPG\RPG\Debug\link.4564.read.1.tlog
C:\Users\SMK\Documents\Visual Studio 2010\Projects\RPG\RPG\Debug\link.4564.write.1.tlog
C:\Users\SMK\Documents\Visual Studio 2010\Projects\RPG\RPG\Debug\link.4564-cvtres.read.1.tlog
C:\Users\SMK\Documents\Visual Studio 2010\Projects\RPG\RPG\Debug\link.4564-cvtres.write.1.tlog
C:\Users\SMK\Documents\Visual Studio 2010\Projects\RPG\RPG\Debug\link.4668.read.1.tlog
C:\Users\SMK\Documents\Visual Studio 2010\Projects\RPG\RPG\Debug\link.4668.write.1.tlog
C:\Users\SMK\Documents\Visual Studio 2010\Projects\RPG\RPG\Debug\link.4668-cvtres.read.1.tlog
C:\Users\SMK\Documents\Visual Studio 2010\Projects\RPG\RPG\Debug\link.4668-cvtres.write.1.tlog
C:\Users\SMK\Documents\Visual Studio 2010\Projects\RPG\RPG\Debug\link.4680.read.1.tlog
C:\Users\SMK\Documents\Visual Studio 2010\Projects\RPG\RPG\Debug\link.4680.write.1.tlog
C:\Users\SMK\Documents\Visual Studio 2010\Projects\RPG\RPG\Debug\link.4680-cvtres.read.1.tlog
C:\Users\SMK\Documents\Visual Studio 2010\Projects\RPG\RPG\Debug\link.4680-cvtres.write.1.tlog
C:\Users\SMK\Documents\Visual Studio 2010\Projects\RPG\RPG\Debug\link.488.read.1.tlog
C:\Users\SMK\Documents\Visual Studio 2010\Projects\RPG\RPG\Debug\link.488.write.1.tlog
C:\Users\SMK\Documents\Visual Studio 2010\Projects\RPG\RPG\Debug\link.488-cvtres.read.1.tlog
C:\Users\SMK\Documents\Visual Studio 2010\Projects\RPG\RPG\Debug\link.488-cvtres.write.1.tlog
C:\Users\SMK\Documents\Visual Studio 2010\Projects\RPG\RPG\Debug\link.5156.read.1.tlog
C:\Users\SMK\Documents\Visual Studio 2010\Projects\RPG\RPG\Debug\link.5156.write.1.tlog
C:\Users\SMK\Documents\Visual Studio 2010\Projects\RPG\RPG\Debug\link.5156-cvtres.read.1.tlog
C:\Users\SMK\Documents\Visual Studio 2010\Projects\RPG\RPG\Debug\link.5156-cvtres.write.1.tlog
C:\Users\SMK\Documents\Visual Studio 2010\Projects\RPG\RPG\Debug\link.5168.read.1.tlog
C:\Users\SMK\Documents\Visual Studio 2010\Projects\RPG\RPG\Debug\link.5168.write.1.tlog
C:\Users\SMK\Documents\Visual Studio 2010\Projects\RPG\RPG\Debug\link.5168-cvtres.read.1.tlog
C:\Users\SMK\Documents\Visual Studio 2010\Projects\RPG\RPG\Debug\link.5168-cvtres.write.1.tlog
C:\Users\SMK\Documents\Visual Studio 2010\Projects\RPG\RPG\Debug\link.5192.read.1.tlog
C:\Users\SMK\Documents\Visual Studio 2010\Projects\RPG\RPG\Debug\link.5192.write.1.tlog
C:\Users\SMK\Documents\Visual Studio 2010\Projects\RPG\RPG\Debug\link.5192-cvtres.read.1.tlog
C:\Users\SMK\Documents\Visual Studio 2010\Projects\RPG\RPG\Debug\link.5192-cvtres.write.1.tlog
C:\Users\SMK\Documents\Visual Studio 2010\Projects\RPG\RPG\Debug\link.5356.read.1.tlog
C:\Users\SMK\Documents\Visual Studio 2010\Projects\RPG\RPG\Debug\link.5356.write.1.tlog
C:\Users\SMK\Documents\Visual Studio 2010\Projects\RPG\RPG\Debug\link.5356-cvtres.read.1.tlog
C:\Users\SMK\Documents\Visual Studio 2010\Projects\RPG\RPG\Debug\link.5356-cvtres.write.1.tlog
C:\Users\SMK\Documents\Visual Studio 2010\Projects\RPG\RPG\Debug\link.5472.read.1.tlog
C:\Users\SMK\Documents\Visual Studio 2010\Projects\RPG\RPG\Debug\link.5472.write.1.tlog
C:\Users\SMK\Documents\Visual Studio 2010\Projects\RPG\RPG\Debug\link.5472-cvtres.read.1.tlog
C:\Users\SMK\Documents\Visual Studio 2010\Projects\RPG\RPG\Debug\link.5472-cvtres.write.1.tlog
C:\Users\SMK\Documents\Visual Studio 2010\Projects\RPG\RPG\Debug\link.5504.read.1.tlog
C:\Users\SMK\Documents\Visual Studio 2010\Projects\RPG\RPG\Debug\link.5504.write.1.tlog
C:\Users\SMK\Documents\Visual Studio 2010\Projects\RPG\RPG\Debug\link.5504-cvtres.read.1.tlog
C:\Users\SMK\Documents\Visual Studio 2010\Projects\RPG\RPG\Debug\link.5504-cvtres.write.1.tlog
C:\Users\SMK\Documents\Visual Studio 2010\Projects\RPG\RPG\Debug\link.5560.read.1.tlog
C:\Users\SMK\Documents\Visual Studio 2010\Projects\RPG\RPG\Debug\link.5560.write.1.tlog
C:\Users\SMK\Documents\Visual Studio 2010\Projects\RPG\RPG\Debug\link.5560-cvtres.read.1.tlog
C:\Users\SMK\Documents\Visual Studio 2010\Projects\RPG\RPG\Debug\link.5560-cvtres.write.1.tlog
C:\Users\SMK\Documents\Visual Studio 2010\Projects\RPG\RPG\Debug\link.5588.read.1.tlog
C:\Users\SMK\Documents\Visual Studio 2010\Projects\RPG\RPG\Debug\link.5588.write.1.tlog
C:\Users\SMK\Documents\Visual Studio 2010\Projects\RPG\RPG\Debug\link.5588-cvtres.read.1.tlog
C:\Users\SMK\Documents\Visual Studio 2010\Projects\RPG\RPG\Debug\link.5588-cvtres.write.1.tlog
C:\Users\SMK\Documents\Visual Studio 2010\Projects\RPG\RPG\Debug\link.5656.read.1.tlog
C:\Users\SMK\Documents\Visual Studio 2010\Projects\RPG\RPG\Debug\link.5656.write.1.tlog
C:\Users\SMK\Documents\Visual Studio 2010\Projects\RPG\RPG\Debug\link.5656-cvtres.read.1.tlog
C:\Users\SMK\Documents\Visual Studio 2010\Projects\RPG\RPG\Debug\link.5656-cvtres.write.1.tlog
C:\Users\SMK\Documents\Visual Studio 2010\Projects\RPG\RPG\Debug\link.5724.read.1.tlog
C:\Users\SMK\Documents\Visual Studio 2010\Projects\RPG\RPG\Debug\link.5724.write.1.tlog
C:\Users\SMK\Documents\Visual Studio 2010\Projects\RPG\RPG\Debug\link.5724-cvtres.read.1.tlog
C:\Users\SMK\Documents\Visual Studio 2010\Projects\RPG\RPG\Debug\link.5724-cvtres.write.1.tlog
C:\Users\SMK\Documents\Visual Studio 2010\Projects\RPG\RPG\Debug\link.5872.read.1.tlog
C:\Users\SMK\Documents\Visual Studio 2010\Projects\RPG\RPG\Debug\link.5872.write.1.tlog
C:\Users\SMK\Documents\Visual Studio 2010\Projects\RPG\RPG\Debug\link.5872-cvtres.read.1.tlog
C:\Users\SMK\Documents\Visual Studio 2010\Projects\RPG\RPG\Debug\link.5872-cvtres.write.1.tlog
C:\Users\SMK\Documents\Visual Studio 2010\Projects\RPG\RPG\Debug\link.5900.read.1.tlog
C:\Users\SMK\Documents\Visual Studio 2010\Projects\RPG\RPG\Debug\link.5900.write.1.tlog
C:\Users\SMK\Documents\Visual Studio 2010\Projects\RPG\RPG\Debug\link.5900-cvtres.read.1.tlog
C:\Users\SMK\Documents\Visual Studio 2010\Projects\RPG\RPG\Debug\link.5900-cvtres.write.1.tlog
C:\Users\SMK\Documents\Visual Studio 2010\Projects\RPG\RPG\Debug\link.5976.read.1.tlog
C:\Users\SMK\Documents\Visual Studio 2010\Projects\RPG\RPG\Debug\link.5976.write.1.tlog
C:\Users\SMK\Documents\Visual Studio 2010\Projects\RPG\RPG\Debug\link.5976-cvtres.read.1.tlog
C:\Users\SMK\Documents\Visual Studio 2010\Projects\RPG\RPG\Debug\link.5976-cvtres.write.1.tlog
C:\Users\SMK\Documents\Visual Studio 2010\Projects\RPG\RPG\Debug\link.6092.read.1.tlog
C:\Users\SMK\Documents\Visual Studio 2010\Projects\RPG\RPG\Debug\link.6092.write.1.tlog
C:\Users\SMK\Documents\Visual Studio 2010\Projects\RPG\RPG\Debug\link.6092-cvtres.read.1.tlog
C:\Users\SMK\Documents\Visual Studio 2010\Projects\RPG\RPG\Debug\link.6092-cvtres.write.1.tlog
C:\Users\SMK\Documents\Visual Studio 2010\Projects\RPG\RPG\Debug\link.6344.read.1.tlog
C:\Users\SMK\Documents\Visual Studio 2010\Projects\RPG\RPG\Debug\link.6344.write.1.tlog
C:\Users\SMK\Documents\Visual Studio 2010\Projects\RPG\RPG\Debug\link.6344-cvtres.read.1.tlog
C:\Users\SMK\Documents\Visual Studio 2010\Projects\RPG\RPG\Debug\link.6344-cvtres.write.1.tlog
C:\Users\SMK\Documents\Visual Studio 2010\Projects\RPG\RPG\Debug\link.6392.read.1.tlog
C:\Users\SMK\Documents\Visual Studio 2010\Projects\RPG\RPG\Debug\link.6392.write.1.tlog
C:\Users\SMK\Documents\Visual Studio 2010\Projects\RPG\RPG\Debug\link.6392-cvtres.read.1.tlog
C:\Users\SMK\Documents\Visual Studio 2010\Projects\RPG\RPG\Debug\link.6392-cvtres.write.1.tlog
C:\Users\SMK\Documents\Visual Studio 2010\Projects\RPG\RPG\Debug\link.6420.read.1.tlog
C:\Users\SMK\Documents\Visual Studio 2010\Projects\RPG\RPG\Debug\link.6420.write.1.tlog
C:\Users\SMK\Documents\Visual Studio 2010\Projects\RPG\RPG\Debug\link.6420-cvtres.read.1.tlog
C:\Users\SMK\Documents\Visual Studio 2010\Projects\RPG\RPG\Debug\link.6420-cvtres.write.1.tlog
C:\Users\SMK\Documents\Visual Studio 2010\Projects\RPG\RPG\Debug\link.6488.read.1.tlog
C:\Users\SMK\Documents\Visual Studio 2010\Projects\RPG\RPG\Debug\link.6488.write.1.tlog
C:\Users\SMK\Documents\Visual Studio 2010\Projects\RPG\RPG\Debug\link.6488-cvtres.read.1.tlog
C:\Users\SMK\Documents\Visual Studio 2010\Projects\RPG\RPG\Debug\link.6488-cvtres.write.1.tlog
C:\Users\SMK\Documents\Visual Studio 2010\Projects\RPG\RPG\Debug\link.6508.read.1.tlog
C:\Users\SMK\Documents\Visual Studio 2010\Projects\RPG\RPG\Debug\link.6508.write.1.tlog
C:\Users\SMK\Documents\Visual Studio 2010\Projects\RPG\RPG\Debug\link.6508-cvtres.read.1.tlog
C:\Users\SMK\Documents\Visual Studio 2010\Projects\RPG\RPG\Debug\link.6508-cvtres.write.1.tlog
C:\Users\SMK\Documents\Visual Studio 2010\Projects\RPG\RPG\Debug\link.6560.read.1.tlog
C:\Users\SMK\Documents\Visual Studio 2010\Projects\RPG\RPG\Debug\link.6560.write.1.tlog
C:\Users\SMK\Documents\Visual Studio 2010\Projects\RPG\RPG\Debug\link.6560-cvtres.read.1.tlog
C:\Users\SMK\Documents\Visual Studio 2010\Projects\RPG\RPG\Debug\link.6560-cvtres.write.1.tlog
C:\Users\SMK\Documents\Visual Studio 2010\Projects\RPG\RPG\Debug\link.6792.read.1.tlog
C:\Users\SMK\Documents\Visual Studio 2010\Projects\RPG\RPG\Debug\link.6792.write.1.tlog
C:\Users\SMK\Documents\Visual Studio 2010\Projects\RPG\RPG\Debug\link.6792-cvtres.read.1.tlog
C:\Users\SMK\Documents\Visual Studio 2010\Projects\RPG\RPG\Debug\link.6792-cvtres.write.1.tlog
C:\Users\SMK\Documents\Visual Studio 2010\Projects\RPG\RPG\Debug\link.6800.read.1.tlog
C:\Users\SMK\Documents\Visual Studio 2010\Projects\RPG\RPG\Debug\link.6800.write.1.tlog
C:\Users\SMK\Documents\Visual Studio 2010\Projects\RPG\RPG\Debug\link.6800-cvtres.read.1.tlog
C:\Users\SMK\Documents\Visual Studio 2010\Projects\RPG\RPG\Debug\link.6800-cvtres.write.1.tlog
C:\Users\SMK\Documents\Visual Studio 2010\Projects\RPG\RPG\Debug\link.6824.read.1.tlog
C:\Users\SMK\Documents\Visual Studio 2010\Projects\RPG\RPG\Debug\link.6824.write.1.tlog
C:\Users\SMK\Documents\Visual Studio 2010\Projects\RPG\RPG\Debug\link.6824-cvtres.read.1.tlog
C:\Users\SMK\Documents\Visual Studio 2010\Projects\RPG\RPG\Debug\link.6824-cvtres.write.1.tlog
C:\Users\SMK\Documents\Visual Studio 2010\Projects\RPG\RPG\Debug\link.6844.read.1.tlog
C:\Users\SMK\Documents\Visual Studio 2010\Projects\RPG\RPG\Debug\link.6844.write.1.tlog
C:\Users\SMK\Documents\Visual Studio 2010\Projects\RPG\RPG\Debug\link.6844-cvtres.read.1.tlog
C:\Users\SMK\Documents\Visual Studio 2010\Projects\RPG\RPG\Debug\link.6844-cvtres.write.1.tlog
C:\Users\SMK\Documents\Visual Studio 2010\Projects\RPG\RPG\Debug\link.6880.read.1.tlog
C:\Users\SMK\Documents\Visual Studio 2010\Projects\RPG\RPG\Debug\link.6880.write.1.tlog
C:\Users\SMK\Documents\Visual Studio 2010\Projects\RPG\RPG\Debug\link.6880-cvtres.read.1.tlog
C:\Users\SMK\Documents\Visual Studio 2010\Projects\RPG\RPG\Debug\link.6880-cvtres.write.1.tlog
C:\Users\SMK\Documents\Visual Studio 2010\Projects\RPG\RPG\Debug\link.6892.read.1.tlog
C:\Users\SMK\Documents\Visual Studio 2010\Projects\RPG\RPG\Debug\link.6892.write.1.tlog
C:\Users\SMK\Documents\Visual Studio 2010\Projects\RPG\RPG\Debug\link.6892-cvtres.read.1.tlog
C:\Users\SMK\Documents\Visual Studio 2010\Projects\RPG\RPG\Debug\link.6892-cvtres.write.1.tlog
C:\Users\SMK\Documents\Visual Studio 2010\Projects\RPG\RPG\Debug\link.7000.read.1.tlog
C:\Users\SMK\Documents\Visual Studio 2010\Projects\RPG\RPG\Debug\link.7000.write.1.tlog
C:\Users\SMK\Documents\Visual Studio 2010\Projects\RPG\RPG\Debug\link.7000-cvtres.read.1.tlog
C:\Users\SMK\Documents\Visual Studio 2010\Projects\RPG\RPG\Debug\link.7000-cvtres.write.1.tlog
C:\Users\SMK\Documents\Visual Studio 2010\Projects\RPG\RPG\Debug\link.728.read.1.tlog
C:\Users\SMK\Documents\Visual Studio 2010\Projects\RPG\RPG\Debug\link.728.write.1.tlog
C:\Users\SMK\Documents\Visual Studio 2010\Projects\RPG\RPG\Debug\link.728-cvtres.read.1.tlog
C:\Users\SMK\Documents\Visual Studio 2010\Projects\RPG\RPG\Debug\link.728-cvtres.write.1.tlog
C:\Users\SMK\Documents\Visual Studio 2010\Projects\RPG\RPG\Debug\link.7444.read.1.tlog
C:\Users\SMK\Documents\Visual Studio 2010\Projects\RPG\RPG\Debug\link.7444.write.1.tlog
C:\Users\SMK\Documents\Visual Studio 2010\Projects\RPG\RPG\Debug\link.7444-cvtres.read.1.tlog
C:\Users\SMK\Documents\Visual Studio 2010\Projects\RPG\RPG\Debug\link.7444-cvtres.write.1.tlog
C:\Users\SMK\Documents\Visual Studio 2010\Projects\RPG\RPG\Debug\link.7472.read.1.tlog
C:\Users\SMK\Documents\Visual Studio 2010\Projects\RPG\RPG\Debug\link.7472.write.1.tlog
C:\Users\SMK\Documents\Visual Studio 2010\Projects\RPG\RPG\Debug\link.7472-cvtres.read.1.tlog
C:\Users\SMK\Documents\Visual Studio 2010\Projects\RPG\RPG\Debug\link.7472-cvtres.write.1.tlog
C:\Users\SMK\Documents\Visual Studio 2010\Projects\RPG\RPG\Debug\link.7564.read.1.tlog
C:\Users\SMK\Documents\Visual Studio 2010\Projects\RPG\RPG\Debug\link.7564.write.1.tlog
C:\Users\SMK\Documents\Visual Studio 2010\Projects\RPG\RPG\Debug\link.7564-cvtres.read.1.tlog
C:\Users\SMK\Documents\Visual Studio 2010\Projects\RPG\RPG\Debug\link.7564-cvtres.write.1.tlog
C:\Users\SMK\Documents\Visual Studio 2010\Projects\RPG\RPG\Debug\link.7760.read.1.tlog
C:\Users\SMK\Documents\Visual Studio 2010\Projects\RPG\RPG\Debug\link.7760.write.1.tlog
C:\Users\SMK\Documents\Visual Studio 2010\Projects\RPG\RPG\Debug\link.7760-cvtres.read.1.tlog
C:\Users\SMK\Documents\Visual Studio 2010\Projects\RPG\RPG\Debug\link.7760-cvtres.write.1.tlog
C:\Users\SMK\Documents\Visual Studio 2010\Projects\RPG\RPG\Debug\link.7780.read.1.tlog
C:\Users\SMK\Documents\Visual Studio 2010\Projects\RPG\RPG\Debug\link.7780.write.1.tlog
C:\Users\SMK\Documents\Visual Studio 2010\Projects\RPG\RPG\Debug\link.7780-cvtres.read.1.tlog
C:\Users\SMK\Documents\Visual Studio 2010\Projects\RPG\RPG\Debug\link.7780-cvtres.write.1.tlog
C:\Users\SMK\Documents\Visual Studio 2010\Projects\RPG\RPG\Debug\link.7824.read.1.tlog
C:\Users\SMK\Documents\Visual Studio 2010\Projects\RPG\RPG\Debug\link.7824.write.1.tlog
C:\Users\SMK\Documents\Visual Studio 2010\Projects\RPG\RPG\Debug\link.7824-cvtres.read.1.tlog
C:\Users\SMK\Documents\Visual Studio 2010\Projects\RPG\RPG\Debug\link.7824-cvtres.write.1.tlog
C:\Users\SMK\Documents\Visual Studio 2010\Projects\RPG\RPG\Debug\link.7920.read.1.tlog
C:\Users\SMK\Documents\Visual Studio 2010\Projects\RPG\RPG\Debug\link.7920.write.1.tlog
C:\Users\SMK\Documents\Visual Studio 2010\Projects\RPG\RPG\Debug\link.7920-cvtres.read.1.tlog
C:\Users\SMK\Documents\Visual Studio 2010\Projects\RPG\RPG\Debug\link.7920-cvtres.write.1.tlog
C:\Users\SMK\Documents\Visual Studio 2010\Projects\RPG\RPG\Debug\link.8028.read.1.tlog
C:\Users\SMK\Documents\Visual Studio 2010\Projects\RPG\RPG\Debug\link.8028.write.1.tlog
C:\Users\SMK\Documents\Visual Studio 2010\Projects\RPG\RPG\Debug\link.8028-cvtres.read.1.tlog
C:\Users\SMK\Documents\Visual Studio 2010\Projects\RPG\RPG\Debug\link.8028-cvtres.write.1.tlog
C:\Users\SMK\Documents\Visual Studio 2010\Projects\RPG\RPG\Debug\link.8876.read.1.tlog
C:\Users\SMK\Documents\Visual Studio 2010\Projects\RPG\RPG\Debug\link.8876.write.1.tlog
C:\Users\SMK\Documents\Visual Studio 2010\Projects\RPG\RPG\Debug\link.8876-cvtres.read.1.tlog
C:\Users\SMK\Documents\Visual Studio 2010\Projects\RPG\RPG\Debug\link.8876-cvtres.write.1.tlog
C:\Users\SMK\Documents\Visual Studio 2010\Projects\RPG\RPG\Debug\link.8996.read.1.tlog
C:\Users\SMK\Documents\Visual Studio 2010\Projects\RPG\RPG\Debug\link.8996.write.1.tlog
C:\Users\SMK\Documents\Visual Studio 2010\Projects\RPG\RPG\Debug\link.8996-cvtres.read.1.tlog
C:\Users\SMK\Documents\Visual Studio 2010\Projects\RPG\RPG\Debug\link.8996-cvtres.write.1.tlog
C:\Users\SMK\Documents\Visual Studio 2010\Projects\RPG\RPG\Debug\link.9036.read.1.tlog
C:\Users\SMK\Documents\Visual Studio 2010\Projects\RPG\RPG\Debug\link.9036.write.1.tlog
C:\Users\SMK\Documents\Visual Studio 2010\Projects\RPG\RPG\Debug\link.9036-cvtres.read.1.tlog
C:\Users\SMK\Documents\Visual Studio 2010\Projects\RPG\RPG\Debug\link.9036-cvtres.write.1.tlog
C:\Users\SMK\Documents\Visual Studio 2010\Projects\RPG\RPG\Debug\link.9124.read.1.tlog
C:\Users\SMK\Documents\Visual Studio 2010\Projects\RPG\RPG\Debug\link.9124.write.1.tlog
C:\Users\SMK\Documents\Visual Studio 2010\Projects\RPG\RPG\Debug\link.9124-cvtres.read.1.tlog
C:\Users\SMK\Documents\Visual Studio 2010\Projects\RPG\RPG\Debug\link.9124-cvtres.write.1.tlog
C:\Users\SMK\Documents\Visual Studio 2010\Projects\RPG\RPG\Debug\link.command.1.tlog
C:\Users\SMK\Documents\Visual Studio 2010\Projects\RPG\RPG\Debug\link.read.1.tlog
C:\Users\SMK\Documents\Visual Studio 2010\Projects\RPG\RPG\Debug\link.write.1.tlog
C:\Users\SMK\Documents\Visual Studio 2010\Projects\RPG\RPG\Debug\link-cvtres.read.1.tlog
C:\Users\SMK\Documents\Visual Studio 2010\Projects\RPG\RPG\Debug\link-cvtres.write.1.tlog
C:\USERS\SMK\DOCUMENTS\VISUAL STUDIO 2010\PROJECTS\RPG\RPG\DEBUG\MAIN.OBJ
C:\Users\SMK\Documents\Visual Studio 2010\Projects\RPG\RPG\Debug\mt.command.1.tlog
C:\Users\SMK\Documents\Visual Studio 2010\Projects\RPG\RPG\Debug\mt.read.1.tlog
C:\Users\SMK\Documents\Visual Studio 2010\Projects\RPG\RPG\Debug\mt.write.1.tlog
C:\USERS\SMK\DOCUMENTS\VISUAL STUDIO 2010\PROJECTS\RPG\RPG\DEBUG\NONCLASSFUNCTIONS.OBJ
C:\Users\SMK\Documents\Visual Studio 2010\Projects\RPG\RPG\Debug\rc.command.1.tlog
C:\Users\SMK\Documents\Visual Studio 2010\Projects\RPG\RPG\Debug\rc.read.1.tlog
C:\Users\SMK\Documents\Visual Studio 2010\Projects\RPG\RPG\Debug\rc.write.1.tlog
C:\USERS\SMK\DOCUMENTS\VISUAL STUDIO 2010\PROJECTS\RPG\RPG\DEBUG\RPG.EXE.EMBED.MANIFEST
C:\USERS\SMK\DOCUMENTS\VISUAL STUDIO 2010\PROJECTS\RPG\RPG\DEBUG\RPG.EXE.EMBED.MANIFEST.RES
C:\USERS\SMK\DOCUMENTS\VISUAL STUDIO 2010\PROJECTS\RPG\RPG\DEBUG\RPG.EXE.INTERMEDIATE.MANIFEST
C:\Users\SMK\Documents\Visual Studio 2010\Projects\RPG\RPG\Debug\RPG_manifest.rc
C:\USERS\SMK\DOCUMENTS\VISUAL STUDIO 2010\PROJECTS\RPG\RPG\DEBUG\SHOPIMPLEMENTATION.OBJ
C:\Users\SMK\Documents\Visual Studio 2010\Projects\RPG\RPG\Debug\vc100.idb
C:\USERS\SMK\DOCUMENTS\VISUAL STUDIO 2010\PROJECTS\RPG\RPG\DEBUG\VC100.PDB
C:\USERS\SMK\DOCUMENTS\VISUAL STUDIO 2010\PROJECTS\RPG\RPG\DEBUG\WEAPONSHOPIMPLEMENTATION.OBJ
C:\USERS\SMK\DOCUMENTS\VISUAL STUDIO 2010\PROJECTS\RPG\RPG\DEBUG\WEAPONSIMPLEMENTATION.OBJ
D:\RPG2\DEBUG\RPG.EXE
D:\RPG2\DEBUG\RPG.ILK
D:\RPG2\DEBUG\RPG.PDB
D:\RPG2\RPG\DEBUG\BATTLESYSTEMIMPLEMENTATION.OBJ
D:\RPG2\RPG\DEBUG\ENEMYCLASSIMPLEMENTATION.OBJ
D:\RPG2\RPG\DEBUG\JOBCLASSIMPLEMENTATION.OBJ
D:\RPG2\RPG\DEBUG\MAIN.OBJ
D:\RPG2\RPG\DEBUG\NONCLASSFUNCTIONS.OBJ
D:\RPG2\RPG\DEBUG\RPG.EXE.EMBED.MANIFEST
D:\RPG2\RPG\DEBUG\RPG.EXE.EMBED.MANIFEST.RES
D:\RPG2\RPG\DEBUG\RPG.EXE.INTERMEDIATE.MANIFEST
D:\RPG2\RPG\DEBUG\VC100.PDB
